[debug] [2024-09-28T10:33:12.317Z] ----------------------------------------------------------------------
[debug] [2024-09-28T10:33:12.336Z] Command:       C:\Program Files\nodejs\node.exe C:\Users\swapn\AppData\Roaming\npm\node_modules\firebase-tools\lib\bin\firebase.js init
[debug] [2024-09-28T10:33:12.337Z] CLI Version:   13.10.2
[debug] [2024-09-28T10:33:12.337Z] Platform:      win32
[debug] [2024-09-28T10:33:12.337Z] Node Version:  v20.14.0
[debug] [2024-09-28T10:33:12.337Z] Time:          Sat Sep 28 2024 16:03:12 GMT+0530 (India Standard Time)
[debug] [2024-09-28T10:33:12.338Z] ----------------------------------------------------------------------
[debug] 
[debug] [2024-09-28T10:33:12.343Z] >>> [apiv2][query] GET https://firebase-public.firebaseio.com/cli.json [none]
[debug] [2024-09-28T10:33:12.401Z] > command requires scopes: ["email","openid","https://www.googleapis.com/auth/cloudplatformprojects.readonly","https://www.googleapis.com/auth/firebase","https://www.googleapis.com/auth/cloud-platform"]
[debug] [2024-09-28T10:33:12.402Z] > authorizing via signed-in user (personal.swapnil.parashar@gmail.com)
[info] 
     ######## #### ########  ######## ########     ###     ######  ########
     ##        ##  ##     ## ##       ##     ##  ##   ##  ##       ##
     ######    ##  ########  ######   ########  #########  ######  ######
     ##        ##  ##    ##  ##       ##     ## ##     ##       ## ##
     ##       #### ##     ## ######## ########  ##     ##  ######  ########

You're about to initialize a Firebase project in this directory:

  G:\Work\conference_react

[debug] [2024-09-28T10:33:13.915Z] <<< [apiv2][status] GET https://firebase-public.firebaseio.com/cli.json 200
[debug] [2024-09-28T10:33:13.916Z] <<< [apiv2][body] GET https://firebase-public.firebaseio.com/cli.json {"cloudBuildErrorAfter":1594252800000,"cloudBuildWarnAfter":1590019200000,"defaultNode10After":1594252800000,"minVersion":"3.0.5","node8DeploysDisabledAfter":1613390400000,"node8RuntimeDisabledAfter":1615809600000,"node8WarnAfter":1600128000000}
[info] 
=== Project Setup
[info] 
[info] First, let's associate this project directory with a Firebase project.
[info] You can create multiple project aliases by running firebase use --add, 
[info] but for now we'll just set up a default project.
[info] 
[debug] [2024-09-28T10:33:17.269Z] > refreshing access token with scopes: []
[debug] [2024-09-28T10:33:17.270Z] >>> [apiv2][query] POST https://www.googleapis.com/oauth2/v3/token [none]
[debug] [2024-09-28T10:33:17.270Z] >>> [apiv2][body] POST https://www.googleapis.com/oauth2/v3/token [omitted]
[debug] [2024-09-28T10:33:17.961Z] <<< [apiv2][status] POST https://www.googleapis.com/oauth2/v3/token 200
[debug] [2024-09-28T10:33:17.961Z] <<< [apiv2][body] POST https://www.googleapis.com/oauth2/v3/token [omitted]
[debug] [2024-09-28T10:33:17.970Z] >>> [apiv2][query] GET https://firebase.googleapis.com/v1beta1/projects pageSize=100
[debug] [2024-09-28T10:33:18.938Z] <<< [apiv2][status] GET https://firebase.googleapis.com/v1beta1/projects 200
[debug] [2024-09-28T10:33:18.938Z] <<< [apiv2][body] GET https://firebase.googleapis.com/v1beta1/projects [omitted]
